0 info it worked if it ends with ok
1 verbose cli [
1 verbose cli   '/home/levi/.nvm/versions/node/v14.16.1/bin/node',
1 verbose cli   '/home/levi/.nvm/versions/node/v14.16.1/bin/npm',
1 verbose cli   'install'
1 verbose cli ]
2 info using npm@3.10.10
3 info using node@v14.16.1
4 silly loadCurrentTree Starting
5 silly install loadCurrentTree
6 silly install readLocalPackageData
7 verbose stack TypeError: cb.apply is not a function
7 verbose stack     at /home/levi/.nvm/versions/node/v14.16.1/lib/node_modules/npm/node_modules/graceful-fs/polyfills.js:267:18
7 verbose stack     at FSReqCallback.oncomplete (fs.js:184:5)
8 verbose cwd /home/levi/dev-ops/express-api
9 error Linux 5.8.0-59-generic
10 error argv "/home/levi/.nvm/versions/node/v14.16.1/bin/node" "/home/levi/.nvm/versions/node/v14.16.1/bin/npm" "install"
11 error node v14.16.1
12 error npm  v3.10.10
13 error cb.apply is not a function
14 error If you need help, you may report this error at:
14 error     <https://github.com/npm/npm/issues>
15 verbose exit [ 1, true ]
